Unity Editor version:    2020.3.22f1 (e1a7f79fd887)
Branch:                  2020.3/staging
Build type:              Release
Batch mode:              YES
macOS version:           Version 11.6 (Build 20G165)
Darwin version:          20.6.0
Architecture:            x86_64
Running under Rosetta:   NO
Available memory:        16384 MB
Using pre-set license
Pro License: NO

COMMAND LINE ARGUMENTS:
/Volumes/bearbumbum/unity/2020.3.22f1/Unity.app/Contents/MacOS/Unity
-adb2
-batchMode
-noUpm
-name
AssetImportWorker0
-projectPath
/Users/test/Desktop/AUGMENTED REALITY/secret windows/gpsstation_GIT_april/gpsstation_GIT_april
-logFile
Logs/AssetImportWorker0.log
-srvPort
50213
Successfully changed project path to: /Users/test/Desktop/AUGMENTED REALITY/secret windows/gpsstation_GIT_april/gpsstation_GIT_april
/Users/test/Desktop/AUGMENTED REALITY/secret windows/gpsstation_GIT_april/gpsstation_GIT_april
Using Asset Import Pipeline V2.
Refreshing native plugins compatible for Editor in 244.52 ms, found 6 plugins.
Preloading 1 native plugins for Editor in 5.80 ms.
Initialize engine version: 2020.3.22f1 (e1a7f79fd887)
[Subsystems] Discovering subsystems at path /Volumes/bearbumbum/unity/2020.3.22f1/Unity.app/Contents/Resources/UnitySubsystems
[Subsystems] Discovering subsystems at path /Users/test/Desktop/AUGMENTED REALITY/secret windows/gpsstation_GIT_april/gpsstation_GIT_april/Assets
GfxDevice: creating device client; threaded=0
2022-05-19 09:51:46.552 Unity[2521:46427] Color LCD preferred device: Intel Iris Pro Graphics (low power)
2022-05-19 09:51:46.552 Unity[2521:46427] Metal devices available: 2
2022-05-19 09:51:46.552 Unity[2521:46427] 0: NVIDIA GeForce GT 750M (high power)
2022-05-19 09:51:46.552 Unity[2521:46427] 1: Intel Iris Pro Graphics (low power)
2022-05-19 09:51:46.552 Unity[2521:46427] Using device NVIDIA GeForce GT 750M (high power)
Initializing Metal device caps: NVIDIA GeForce GT 750M
Initialize mono
Mono path[0] = '/Volumes/bearbumbum/unity/2020.3.22f1/Unity.app/Contents/Managed'
Mono path[1] = '/Volumes/bearbumbum/unity/2020.3.22f1/Unity.app/Contents/MonoBleedingEdge/lib/mono/unityjit'
Mono config path = '/Volumes/bearbumbum/unity/2020.3.22f1/Unity.app/Contents/MonoBleedingEdge/etc'
Using monoOptions --debugger-agent=transport=dt_socket,embedding=1,server=y,suspend=n,address=127.0.0.1:56521
Begin MonoManager ReloadAssembly
Registering precompiled unity dll's ...
Register platform support module: /Volumes/bearbumbum/unity/2020.3.22f1/Unity.app/Contents/PlaybackEngines/MacStandaloneSupport/UnityEditor.OSXStandalone.Extensions.dll
Registered in 0.027808 seconds.
Native extension for OSXStandalone target not found
Refreshing native plugins compatible for Editor in 69.95 ms, found 6 plugins.
Preloading 1 native plugins for Editor in 3.41 ms.
Mono: successfully reloaded assembly
- Completed reload, in  5.270 seconds
Domain Reload Profiling:
	ReloadAssembly (5270ms)
		BeginReloadAssembly (94ms)
			ExecutionOrderSort (0ms)
			DisableScriptedObjects (0ms)
			BackupInstance (0ms)
			ReleaseScriptingObjects (0ms)
			CreateAndSetChildDomain (1ms)
		EndReloadAssembly (757ms)
			LoadAssemblies (97ms)
			RebuildTransferFunctionScriptingTraits (0ms)
			SetupTypeCache (270ms)
			ReleaseScriptCaches (0ms)
			RebuildScriptCaches (51ms)
			SetupLoadedEditorAssemblies (300ms)
				LogAssemblyErrors (0ms)
				InitializePlatformSupportModulesInManaged (4ms)
				SetLoadedEditorAssemblies (0ms)
				RefreshPlugins (73ms)
				BeforeProcessingInitializeOnLoad (38ms)
				ProcessInitializeOnLoadAttributes (140ms)
				ProcessInitializeOnLoadMethodAttributes (44ms)
				AfterProcessingInitializeOnLoad (0ms)
				EditorAssembliesLoaded (0ms)
			ExecutionOrderSort2 (0ms)
			AwakeInstancesAfterBackupRestoration (0ms)
Platform modules already initialized, skipping
Registering precompiled user dll's ...
Registered in 0.032831 seconds.
